[11/09/25 19:03:13] [INFO]  [Shop] Loaded 92 products.
[11/09/25 19:03:13] [INFO]  Server starts listening. Server developers: Jusic, Hardee, NekoMeow. Thx to Ochii for CSO2 server.
For more information visit discord.gg/EvUAY6D
[11/09/25 19:03:13] [INFO]  Server build: 2029, Public Release
[11/09/25 19:03:13] [INFO]  Memory usage: 15.34mb. Connected users: 0. Logged in users: 0.
[11/09/25 19:04:00] [INFO]  Memory usage: 15.71mb. Connected users: 0. Logged in users: 0.
[11/09/25 19:05:00] [INFO]  Memory usage: 15.70mb. Connected users: 0. Logged in users: 0.
[11/09/25 20:57:19] [INFO]  Memory usage: 15.69mb. Connected users: 0. Logged in users: 0.
[11/09/25 20:57:38] [INFO]  Command: 
[11/09/25 20:57:39] [INFO]  Command: 
[11/09/25 20:58:00] [INFO]  Memory usage: 15.50mb. Connected users: 0. Logged in users: 0.
[11/09/25 20:58:43] [INFO]  Command: 
[11/09/25 20:58:43] [INFO]  Command: 
[11/09/25 20:58:43] [INFO]  Command: 
[11/09/25 20:58:44] [INFO]  Command: 
[11/09/25 20:58:44] [INFO]  Command: 
[11/09/25 20:59:00] [INFO]  Memory usage: 15.50mb. Connected users: 0. Logged in users: 0.
[11/09/25 20:59:37] [INFO]  Command: 
[11/09/25 20:59:38] [INFO]  Command: 
[11/09/25 20:59:38] [INFO]  Command: 
[11/09/25 21:00:00] [INFO]  Memory usage: 15.50mb. Connected users: 0. Logged in users: 0.
[11/09/25 21:01:00] [INFO]  Memory usage: 15.54mb. Connected users: 0. Logged in users: 0.
[11/09/25 21:02:00] [INFO]  Memory usage: 15.54mb. Connected users: 0. Logged in users: 0.
[11/09/25 21:03:00] [INFO]  Memory usage: 15.50mb. Connected users: 0. Logged in users: 0.
[11/09/25 21:04:00] [INFO]  Memory usage: 15.50mb. Connected users: 0. Logged in users: 0.
[11/09/25 21:05:00] [INFO]  Memory usage: 15.50mb. Connected users: 0. Logged in users: 0.
[11/09/25 21:06:00] [INFO]  Memory usage: 15.52mb. Connected users: 0. Logged in users: 0.
[11/09/25 21:07:00] [INFO]  Memory usage: 15.50mb. Connected users: 0. Logged in users: 0.
[11/09/25 21:08:00] [INFO]  Memory usage: 15.50mb. Connected users: 0. Logged in users: 0.
[11/09/25 21:09:00] [INFO]  Memory usage: 15.50mb. Connected users: 0. Logged in users: 0.
[11/09/25 21:10:00] [INFO]  Memory usage: 15.50mb. Connected users: 0. Logged in users: 0.
[11/09/25 21:11:00] [INFO]  Memory usage: 15.50mb. Connected users: 0. Logged in users: 0.
[11/09/25 21:12:00] [INFO]  Memory usage: 15.50mb. Connected users: 0. Logged in users: 0.
[11/09/25 21:13:00] [INFO]  Memory usage: 15.50mb. Connected users: 0. Logged in users: 0.
[11/09/25 21:14:00] [INFO]  Memory usage: 15.50mb. Connected users: 0. Logged in users: 0.
[11/09/25 21:15:00] [INFO]  Memory usage: 15.50mb. Connected users: 0. Logged in users: 0.
[11/09/25 21:16:00] [INFO]  Memory usage: 15.50mb. Connected users: 0. Logged in users: 0.
[11/09/25 21:17:00] [INFO]  Memory usage: 15.50mb. Connected users: 0. Logged in users: 0.
[11/09/25 21:18:00] [INFO]  Memory usage: 15.50mb. Connected users: 0. Logged in users: 0.
[11/09/25 21:19:00] [INFO]  Memory usage: 15.50mb. Connected users: 0. Logged in users: 0.
[11/09/25 21:20:00] [INFO]  Memory usage: 15.50mb. Connected users: 0. Logged in users: 0.
[11/09/25 21:21:00] [INFO]  Memory usage: 15.50mb. Connected users: 0. Logged in users: 0.
[11/09/25 21:22:00] [INFO]  Memory usage: 15.50mb. Connected users: 0. Logged in users: 0.
[11/09/25 21:23:00] [INFO]  Memory usage: 15.50mb. Connected users: 0. Logged in users: 0.
[11/09/25 21:24:00] [INFO]  Memory usage: 15.50mb. Connected users: 0. Logged in users: 0.
[11/09/25 21:25:00] [INFO]  Memory usage: 15.50mb. Connected users: 0. Logged in users: 0.
[11/09/25 21:26:00] [INFO]  Memory usage: 15.50mb. Connected users: 0. Logged in users: 0.
[11/09/25 21:27:00] [INFO]  Memory usage: 15.50mb. Connected users: 0. Logged in users: 0.
[11/09/25 21:28:00] [INFO]  Memory usage: 15.50mb. Connected users: 0. Logged in users: 0.
