[11/09/25 00:48:42] [INFO]  [Shop] Loaded 92 products.
[11/09/25 00:48:42] [INFO]  Server starts listening. Server developers: Jusic, Hardee, NekoMeow. Thx to Ochii for CSO2 server.
For more information visit discord.gg/EvUAY6D
[11/09/25 00:48:42] [INFO]  Server build: 2029, Public Release
[11/09/25 00:48:42] [INFO]  Memory usage: 15.42mb. Connected users: 0. Logged in users: 0.
[11/09/25 00:48:45] [INFO]  Client (0, 127.0.0.1) has been connected to the server
[11/09/25 00:48:50] [WARN]  CUserManager::OnVersionPacket: the server may not support the client build: 29.11.24 (supported build: 05.11.24)
[11/09/25 00:48:55] [WARN]  CUserManager::OnVersionPacket: the server may not support the client build: 29.11.24 (supported build: 05.11.24)
[11/09/25 00:48:55] [INFO]  Client (127.0.0.1) sent login packet
[11/09/25 00:48:56] [INFO]  User logged in (IP: 127.0.0.1, UID: 2, Username: bbbbbb)
[11/09/25 00:48:56] [INFO]  User '2, bbbbbb' joined channel 'Channel server 1-1'
[11/09/25 00:48:56] [INFO]  User '2, bbbbbb' requested room list successfully, sending...
[11/09/25 00:48:56] [INFO]  OnUDPMessage(0) - userID: 2, portID: 0, localAddr: -1062683135 (192.168.190.1), localPort: 27015, tries: 0
[11/09/25 00:48:56] [INFO]  OnUDPMessage(0) - userID: 2, portID: 1, localAddr: -1062683135 (192.168.190.1), localPort: 27005, tries: 1
[11/09/25 00:48:56] [WARN]  Unimplemented packet: 194
[11/09/25 00:48:56] [INFO]  CItemManager::OnDailyRewardsRequest: received type 0
[11/09/25 00:48:56] [WARN]  Unimplemented packet: 167
[11/09/25 00:48:56] [WARN]  Unimplemented packet: 177
[11/09/25 00:48:56] [WARN]  Unimplemented packet: 123
[11/09/25 00:48:56] [WARN]  Unimplemented packet: 192
[11/09/25 00:49:00] [INFO]  Memory usage: 16.27mb. Connected users: 1. Logged in users: 1.
[11/09/25 00:49:07] [INFO]  User '2, bbbbbb' created a new room (RID: 1, name: 'ËÆ§ÂáÜBÁ´ôUPÂçàÂ§úÂó®ÂÆ¢[S4ƒ‡∫')
[11/09/25 00:49:07] [INFO]  Host '2, bbbbbb' updated room settings (RID: 1)
[11/09/25 00:49:07] [INFO]  Host '2, bbbbbb' updated room settings (RID: 1)
[11/09/25 00:49:07] [INFO]  Host '2, bbbbbb' updated room settings (RID: 1)
[11/09/25 00:49:07] [INFO]  Host '2, bbbbbb' updated room settings (RID: 1)
[11/09/25 00:49:07] [INFO]  Host '2, bbbbbb' updated room settings (RID: 1)
[11/09/25 00:49:07] [INFO]  Host '2, bbbbbb' updated room settings (RID: 1)
[11/09/25 00:49:07] [INFO]  Host '2, bbbbbb' updated room settings (RID: 1)
[11/09/25 00:49:10] [INFO]  Host 'bbbbbb' started room match (RID: 1, IP: 127.0.0.1, port: 27005)
[11/09/25 00:49:18] [INFO]  Packet_Host game event: eventID: 174, userID: 2, len: 17
[11/09/25 00:49:18] [INFO]  Packet_Host game event: eventID: 174, userID: 2, len: 17
[11/09/25 00:49:18] [WARN]  Packet_Host type 103 is not implemented, len: 7
[11/09/25 00:49:18] [WARN]  [User '2, bbbbbb'] Packet_Kick type 0
[11/09/25 00:49:25] [WARN]  Packet_Host type 24 is not implemented, len: 2
[11/09/25 00:49:25] [INFO]  Packet_Host game event: eventID: 170, userID: 2, len: 15
[11/09/25 00:49:25] [WARN]  Packet_Host type 25 is not implemented, len: 2
[11/09/25 00:49:36] [INFO]  User '2, bbbbbb' left a room (RID: 1)
[11/09/25 00:49:37] [INFO]  User logged out (2, 'bbbbbb', 0x106EA1A0)
[11/09/25 00:49:37] [INFO]  Client (0, 127.0.0.1) has been disconnected from the server
